[2011-12-23 20:54:31] [info] Commons Daemon procrun (1.0.2.0) started
[2011-12-23 20:54:31] [info] Service Tomcat5 name Apache Tomcat
[2011-12-23 20:54:32] [info] Service Tomcat5 installed
[2011-12-23 20:54:32] [info] Commons Daemon procrun finished.
[2011-12-23 20:54:32] [info] Commons Daemon procrun (1.0.2.0) started
[2011-12-23 20:54:32] [info] Updating service...
[2011-12-23 20:54:33] [info] Service Tomcat5 updated
[2011-12-23 20:54:33] [info] Update service finished.
[2011-12-23 20:54:33] [info] Commons Daemon procrun finished.
[2011-12-23 20:54:33] [info] Commons Daemon procrun (1.0.2.0) started
[2011-12-23 20:54:33] [info] Updating service...
[2011-12-23 20:54:33] [info] Service Tomcat5 updated
[2011-12-23 20:54:33] [info] Update service finished.
[2011-12-23 20:54:33] [info] Commons Daemon procrun finished.
[2011-12-23 20:54:46] [info] Commons Daemon procrun (1.0.2.0) started
[2011-12-23 20:54:46] [info] Running Service...
[2011-12-23 20:54:47] [info] Starting service...
[2011-12-23 20:54:49] [info] Service started in 2834 ms.
[2011-12-23 21:00:12] [info] Stopping service...
[2011-12-23 21:00:18] [info] Service stopped.
[2011-12-23 21:00:18] [info] Run service finished.
[2011-12-23 21:00:18] [info] Commons Daemon procrun finished.
[2011-12-23 21:00:52] [info] Commons Daemon procrun (1.0.2.0) started
[2011-12-23 21:00:52] [info] Running Service...
[2011-12-23 21:00:52] [info] Starting service...
[2011-12-23 21:00:53] [info] Service started in 1165 ms.
[2011-12-23 21:08:40] [info] Stopping service...
[2011-12-23 21:09:45] [info] Commons Daemon procrun (1.0.2.0) started
[2011-12-23 21:09:45] [info] Running Service...
[2011-12-23 21:09:45] [info] Starting service...
[2011-12-23 21:09:47] [info] Service started in 1170 ms.
[2011-12-23 21:13:00] [info] Stopping service...
[2011-12-23 21:13:05] [info] Service stopped.
[2011-12-23 21:13:05] [info] Run service finished.
[2011-12-23 21:13:05] [info] Commons Daemon procrun finished.
[2011-12-23 21:13:16] [info] Commons Daemon procrun (1.0.2.0) started
[2011-12-23 21:13:16] [info] Running Service...
[2011-12-23 21:13:16] [info] Starting service...
[2011-12-23 21:13:17] [info] Service started in 1156 ms.
[2011-12-23 21:13:33] [info] Stopping service...
[2011-12-23 21:13:38] [info] Service stopped.
[2011-12-23 21:13:38] [info] Run service finished.
[2011-12-23 21:13:38] [info] Commons Daemon procrun finished.
[2011-12-23 21:13:44] [info] Commons Daemon procrun (1.0.2.0) started
[2011-12-23 21:13:44] [info] Running Service...
[2011-12-23 21:13:44] [info] Starting service...
[2011-12-23 21:13:45] [info] Service started in 1159 ms.
[2011-12-23 21:14:45] [info] Stopping service...
[2011-12-23 21:14:50] [info] Service stopped.
[2011-12-23 21:14:50] [info] Run service finished.
[2011-12-23 21:14:50] [info] Commons Daemon procrun finished.
[2011-12-23 21:14:55] [info] Commons Daemon procrun (1.0.2.0) started
[2011-12-23 21:14:55] [info] Running Service...
[2011-12-23 21:14:56] [info] Starting service...
[2011-12-23 21:14:57] [info] Service started in 1170 ms.
[2011-12-23 21:17:02] [info] Stopping service...
[2011-12-23 21:17:07] [info] Service stopped.
[2011-12-23 21:17:07] [info] Run service finished.
[2011-12-23 21:17:07] [info] Commons Daemon procrun finished.
